app/build/intermediates/manifest_merge_blame_file/debug/processDebugMainManifest/manifest-merger-blame-debug-report.txt
1<?xml version="1.0" encoding="utf-8"?>
2<manifest xmlns:android="http://schemas.android.com/apk/res/android"
3    package="net.hasumi.coverrotator"
4    android:versionCode="1"
5    android:versionName="1.0" >
6
7    <uses-sdk
8        android:minSdkVersion="33"
9        android:targetSdkVersion="34" />
10
11    <uses-permission android:name="android.permission.FOREGROUND_SERVICE" />
11-->src\main\AndroidManifest.xml:5:5-77
11-->src\main\AndroidManifest.xml:5:22-74
12    <uses-permission android:name="android.permission.FOREGROUND_SERVICE_SPECIAL_USE" />
12-->src\main\AndroidManifest.xml:6:5-89
12-->src\main\AndroidManifest.xml:6:22-86
13    <uses-permission android:name="android.permission.INTERNET" />
13-->src\main\AndroidManifest.xml:7:5-67
13-->src\main\AndroidManifest.xml:7:22-64
14    <uses-permission android:name="android.permission.ACCESS_NETWORK_STATE" />
14-->src\main\AndroidManifest.xml:8:5-79
14-->src\main\AndroidManifest.xml:8:22-76
15    <uses-permission android:name="android.permission.POST_NOTIFICATIONS" />
15-->src\main\AndroidManifest.xml:9:5-77
15-->src\main\AndroidManifest.xml:9:22-74
16    <uses-permission android:name="android.permission.RECEIVE_BOOT_COMPLETED" />
16-->src\main\AndroidManifest.xml:10:5-81
16-->src\main\AndroidManifest.xml:10:22-78
17    <uses-permission android:name="android.permission.REQUEST_IGNORE_BATTERY_OPTIMIZATIONS" />
17-->src\main\AndroidManifest.xml:11:5-95
17-->src\main\AndroidManifest.xml:11:22-92
18
19    <permission
19-->[androidx.core:core:1.12.0] AndroidManifest.xml:22:5-24:47
20        android:name="net.hasumi.coverrotator.DYNAMIC_RECEIVER_NOT_EXPORTED_PERMISSION"
20-->[androidx.core:core:1.12.0] AndroidManifest.xml:23:9-81
21        android:protectionLevel="signature" />
21-->[androidx.core:core:1.12.0] AndroidManifest.xml:24:9-44
22
23    <uses-permission android:name="net.hasumi.coverrotator.DYNAMIC_RECEIVER_NOT_EXPORTED_PERMISSION" />
23-->[androidx.core:core:1.12.0] AndroidManifest.xml:26:5-97
23-->[androidx.core:core:1.12.0] AndroidManifest.xml:26:22-94
24    <uses-permission android:name="moe.shizuku.manager.permission.API_V23" />
24-->[dev.rikka.shizuku:provider:13.1.5] AndroidManifest.xml:8:5-78
24-->[dev.rikka.shizuku:provider:13.1.5] AndroidManifest.xml:8:22-75
25    <uses-permission android:name="android.permission.WRITE_EXTERNAL_STORAGE" />
26    <uses-permission android:name="android.permission.READ_PHONE_STATE" />
27    <uses-permission android:name="android.permission.READ_EXTERNAL_STORAGE" />
28
29    <application
29-->src\main\AndroidManifest.xml:13:5-82:19
30        android:name="net.hasumi.coverrotator.CoverRotatorApp"
30-->src\main\AndroidManifest.xml:14:9-40
31        android:allowBackup="true"
31-->src\main\AndroidManifest.xml:15:9-35
32        android:appComponentFactory="androidx.core.app.CoreComponentFactory"
32-->[androidx.core:core:1.12.0] AndroidManifest.xml:28:18-86
33        android:debuggable="true"
34        android:extractNativeLibs="false"
35        android:icon="@android:drawable/ic_menu_always_landscape_portrait"
35-->src\main\AndroidManifest.xml:16:9-75
36        android:label="@string/app_name"
36-->src\main\AndroidManifest.xml:17:9-41
37        android:supportsRtl="true"
37-->src\main\AndroidManifest.xml:18:9-35
38        android:theme="@style/Theme.CoverRotator" >
38-->src\main\AndroidManifest.xml:19:9-50
39        <activity
39-->src\main\AndroidManifest.xml:22:9-36:20
40            android:name="net.hasumi.coverrotator.ui.MainActivity"
40-->src\main\AndroidManifest.xml:23:13-44
41            android:exported="true"
41-->src\main\AndroidManifest.xml:24:13-36
42            android:label="@string/app_name"
42-->src\main\AndroidManifest.xml:25:13-45
43            android:theme="@style/Theme.CoverRotator" >
43-->src\main\AndroidManifest.xml:26:13-54
44            <intent-filter>
44-->src\main\AndroidManifest.xml:27:13-30:29
45                <action android:name="android.intent.action.MAIN" />
45-->src\main\AndroidManifest.xml:28:17-69
45-->src\main\AndroidManifest.xml:28:25-66
46
47                <category android:name="android.intent.category.LAUNCHER" />
47-->src\main\AndroidManifest.xml:29:17-77
47-->src\main\AndroidManifest.xml:29:27-74
48            </intent-filter>
49
50            <!-- 静的ショートカット (正しい宣言方法: android.app.shortcuts で1ファイルを指す) -->
51            <meta-data
51-->src\main\AndroidManifest.xml:33:13-35:53
52                android:name="android.app.shortcuts"
52-->src\main\AndroidManifest.xml:34:17-53
53                android:resource="@xml/shortcuts" />
53-->src\main\AndroidManifest.xml:35:17-50
54        </activity>
55
56        <!-- Quick Settings Tile Service -->
57        <service
57-->src\main\AndroidManifest.xml:39:9-51:19
58            android:name="net.hasumi.coverrotator.ui.QuickSettingsTileService"
58-->src\main\AndroidManifest.xml:40:13-56
59            android:exported="true"
59-->src\main\AndroidManifest.xml:41:13-36
60            android:icon="@android:drawable/ic_menu_rotate"
60-->src\main\AndroidManifest.xml:43:13-60
61            android:label="@string/tile_toggle_rotation"
61-->src\main\AndroidManifest.xml:42:13-57
62            android:permission="android.permission.BIND_QUICK_SETTINGS_TILE" >
62-->src\main\AndroidManifest.xml:44:13-77
63            <intent-filter>
63-->src\main\AndroidManifest.xml:45:13-47:29
64                <action android:name="android.service.quicksettings.action.QS_TILE" />
64-->src\main\AndroidManifest.xml:46:17-87
64-->src\main\AndroidManifest.xml:46:25-84
65            </intent-filter>
66
67            <meta-data
67-->src\main\AndroidManifest.xml:48:13-50:41
68                android:name="android.service.quicksettings.ACTIVE_TILE"
68-->src\main\AndroidManifest.xml:49:17-73
69                android:value="false" />
69-->src\main\AndroidManifest.xml:50:17-38
70        </service>
71
72        <!-- 擬似自動回転のフォアグラウンドサービス -->
73        <service
73-->src\main\AndroidManifest.xml:54:9-61:19
74            android:name="net.hasumi.coverrotator.service.AutoRotationService"
74-->src\main\AndroidManifest.xml:55:13-56
75            android:exported="false"
75-->src\main\AndroidManifest.xml:56:13-37
76            android:foregroundServiceType="specialUse" >
76-->src\main\AndroidManifest.xml:57:13-55
77            <property
77-->src\main\AndroidManifest.xml:58:13-60:98
78                android:name="android.app.PROPERTY_SPECIAL_USE_FGS_SUBTYPE"
78-->src\main\AndroidManifest.xml:59:17-76
79                android:value="Monitors device orientation sensor to rotate the cover display" />
79-->src\main\AndroidManifest.xml:60:17-95
80        </service>
81
82        <!-- 再起動後の自動回転サービス復帰 -->
83        <receiver
83-->src\main\AndroidManifest.xml:64:9-71:20
84            android:name="net.hasumi.coverrotator.service.BootReceiver"
84-->src\main\AndroidManifest.xml:65:13-49
85            android:exported="false" >
85-->src\main\AndroidManifest.xml:66:13-37
86            <intent-filter>
86-->src\main\AndroidManifest.xml:67:13-70:29
87                <action android:name="android.intent.action.BOOT_COMPLETED" />
87-->src\main\AndroidManifest.xml:68:17-79
87-->src\main\AndroidManifest.xml:68:25-76
88                <action android:name="android.intent.action.MY_PACKAGE_REPLACED" />
88-->src\main\AndroidManifest.xml:69:17-84
88-->src\main\AndroidManifest.xml:69:25-81
89            </intent-filter>
90        </receiver>
91
92        <!-- Shizuku provider (dev.rikka.shizuku:provider を使う場合に必要) -->
93        <provider
94            android:name="rikka.shizuku.ShizukuProvider"
94-->src\main\AndroidManifest.xml:75:13-57
95            android:authorities="net.hasumi.coverrotator.shizuku"
95-->src\main\AndroidManifest.xml:76:13-59
96            android:enabled="true"
96-->src\main\AndroidManifest.xml:78:13-35
97            android:exported="true"
97-->src\main\AndroidManifest.xml:79:13-36
98            android:multiprocess="false"
98-->src\main\AndroidManifest.xml:77:13-41
99            android:permission="android.permission.INTERACT_ACROSS_USERS_FULL" />
99-->src\main\AndroidManifest.xml:80:13-79
100
101        <activity
101-->[androidx.compose.ui:ui-test-manifest:1.6.2] AndroidManifest.xml:23:9-25:39
102            android:name="androidx.activity.ComponentActivity"
102-->[androidx.compose.ui:ui-test-manifest:1.6.2] AndroidManifest.xml:24:13-63
103            android:exported="true" />
103-->[androidx.compose.ui:ui-test-manifest:1.6.2] AndroidManifest.xml:25:13-36
104        <activity
104-->[androidx.compose.ui:ui-tooling-android:1.6.2] AndroidManifest.xml:23:9-25:39
105            android:name="androidx.compose.ui.tooling.PreviewActivity"
105-->[androidx.compose.ui:ui-tooling-android:1.6.2] AndroidManifest.xml:24:13-71
106            android:exported="true" />
106-->[androidx.compose.ui:ui-tooling-android:1.6.2] AndroidManifest.xml:25:13-36
107
108        <provider
108-->[androidx.emoji2:emoji2:1.3.0] AndroidManifest.xml:24:9-32:20
109            android:name="androidx.startup.InitializationProvider"
109-->[androidx.emoji2:emoji2:1.3.0] AndroidManifest.xml:25:13-67
110            android:authorities="net.hasumi.coverrotator.androidx-startup"
110-->[androidx.emoji2:emoji2:1.3.0] AndroidManifest.xml:26:13-68
111            android:exported="false" >
111-->[androidx.emoji2:emoji2:1.3.0] AndroidManifest.xml:27:13-37
112            <meta-data
112-->[androidx.emoji2:emoji2:1.3.0] AndroidManifest.xml:29:13-31:52
113                android:name="androidx.emoji2.text.EmojiCompatInitializer"
113-->[androidx.emoji2:emoji2:1.3.0] AndroidManifest.xml:30:17-75
114                android:value="androidx.startup" />
114-->[androidx.emoji2:emoji2:1.3.0] AndroidManifest.xml:31:17-49
115            <meta-data
115-->[androidx.lifecycle:lifecycle-process:2.7.0] AndroidManifest.xml:29:13-31:52
116                android:name="androidx.lifecycle.ProcessLifecycleInitializer"
116-->[androidx.lifecycle:lifecycle-process:2.7.0] AndroidManifest.xml:30:17-78
117                android:value="androidx.startup" />
117-->[androidx.lifecycle:lifecycle-process:2.7.0] AndroidManifest.xml:31:17-49
118            <meta-data
118-->[androidx.profileinstaller:profileinstaller:1.3.0] AndroidManifest.xml:29:13-31:52
119                android:name="androidx.profileinstaller.ProfileInstallerInitializer"
119-->[androidx.profileinstaller:profileinstaller:1.3.0] AndroidManifest.xml:30:17-85
120                android:value="androidx.startup" />
120-->[androidx.profileinstaller:profileinstaller:1.3.0] AndroidManifest.xml:31:17-49
121        </provider>
122
123        <meta-data
123-->[dev.rikka.shizuku:provider:13.1.5] AndroidManifest.xml:11:9-13:36
124            android:name="moe.shizuku.client.V3_SUPPORT"
124-->[dev.rikka.shizuku:provider:13.1.5] AndroidManifest.xml:12:13-57
125            android:value="true" />
125-->[dev.rikka.shizuku:provider:13.1.5] AndroidManifest.xml:13:13-33
126
127        <receiver
127-->[androidx.profileinstaller:profileinstaller:1.3.0] AndroidManifest.xml:34:9-52:20
128            android:name="androidx.profileinstaller.ProfileInstallReceiver"
128-->[androidx.profileinstaller:profileinstaller:1.3.0] AndroidManifest.xml:35:13-76
129            android:directBootAware="false"
129-->[androidx.profileinstaller:profileinstaller:1.3.0] AndroidManifest.xml:36:13-44
130            android:enabled="true"
130-->[androidx.profileinstaller:profileinstaller:1.3.0] AndroidManifest.xml:37:13-35
131            android:exported="true"
131-->[androidx.profileinstaller:profileinstaller:1.3.0] AndroidManifest.xml:38:13-36
132            android:permission="android.permission.DUMP" >
132-->[androidx.profileinstaller:profileinstaller:1.3.0] AndroidManifest.xml:39:13-57
133            <intent-filter>
133-->[androidx.profileinstaller:profileinstaller:1.3.0] AndroidManifest.xml:40:13-42:29
134                <action android:name="androidx.profileinstaller.action.INSTALL_PROFILE" />
134-->[androidx.profileinstaller:profileinstaller:1.3.0] AndroidManifest.xml:41:17-91
134-->[androidx.profileinstaller:profileinstaller:1.3.0] AndroidManifest.xml:41:25-88
135            </intent-filter>
136            <intent-filter>
136-->[androidx.profileinstaller:profileinstaller:1.3.0] AndroidManifest.xml:43:13-45:29
137                <action android:name="androidx.profileinstaller.action.SKIP_FILE" />
137-->[androidx.profileinstaller:profileinstaller:1.3.0] AndroidManifest.xml:44:17-85
137-->[androidx.profileinstaller:profileinstaller:1.3.0] AndroidManifest.xml:44:25-82
138            </intent-filter>
139            <intent-filter>
139-->[androidx.profileinstaller:profileinstaller:1.3.0] AndroidManifest.xml:46:13-48:29
140                <action android:name="androidx.profileinstaller.action.SAVE_PROFILE" />
140-->[androidx.profileinstaller:profileinstaller:1.3.0] AndroidManifest.xml:47:17-88
140-->[androidx.profileinstaller:profileinstaller:1.3.0] AndroidManifest.xml:47:25-85
141            </intent-filter>
142            <intent-filter>
142-->[androidx.profileinstaller:profileinstaller:1.3.0] AndroidManifest.xml:49:13-51:29
143                <action android:name="androidx.profileinstaller.action.BENCHMARK_OPERATION" />
143-->[androidx.profileinstaller:profileinstaller:1.3.0] AndroidManifest.xml:50:17-95
143-->[androidx.profileinstaller:profileinstaller:1.3.0] AndroidManifest.xml:50:25-92
144            </intent-filter>
145        </receiver>
146    </application>
147
148</manifest>